<?xml version="1.0" encoding="UTF-8"?>
<!-- Generated by org.testng.reporters.JUnitReportReporter -->
<testsuite skipped="0" hostname="DESKTOP-BRGB3P4" name="test.demo.Test2" tests="2" failures="0" timestamp="2020-01-20T14:48:56 CST" time="0.015" errors="0">
  <testcase name="testCase2" time="0.002" classname="test.demo.Test2"/>
  <testcase name="testCase1" time="0.013" classname="test.demo.Test2"/>
</testsuite> <!-- test.demo.Test2 -->
