<?xml version="1.0" encoding="UTF-8"?>
<!-- Generated by org.testng.reporters.JUnitReportReporter -->
<testsuite hostname="DESKTOP-3OKR0L5" name="test.demo02.ActionsTest2" tests="5" failures="0" timestamp="7 Jan 2020 05:57:47 GMT" time="80.799" errors="0">
  <testcase name="doubleClickTest" time="20.479" classname="test.demo02.ActionsTest2"/>
  <testcase name="contextClickTest" time="17.872" classname="test.demo02.ActionsTest2"/>
  <testcase name="moveTest" time="12.799" classname="test.demo02.ActionsTest2"/>
  <testcase name="moreSelectTest" time="20.348" classname="test.demo02.ActionsTest2"/>
  <testcase name="savaHtml" time="9.301" classname="test.demo02.ActionsTest2"/>
</testsuite> <!-- test.demo02.ActionsTest2 -->
