<?xml version="1.0" encoding="UTF-8"?>
<!-- Generated by org.testng.reporters.JUnitReportReporter -->
<testsuite hostname="DESKTOP-3OKR0L5" name="test.demo.Test" tests="3" failures="0" timestamp="7 Jan 2020 06:14:17 GMT" time="34.316" errors="0">
  <testcase name="openChrome2" time="12.178" classname="test.demo.Test"/>
  <testcase name="openChrome" time="12.604" classname="test.demo.Test"/>
  <testcase name="openChrome3" time="9.534" classname="test.demo.Test"/>
</testsuite> <!-- test.demo.Test -->
