<?xml version="1.0" encoding="UTF-8"?>
<!-- Generated by org.testng.reporters.JUnitReportReporter -->
<testsuite hostname="DESKTOP-3OKR0L5" name="test.demo03.JStest" tests="1" failures="0" timestamp="2 Jan 2020 14:30:03 GMT" time="16.548" errors="0">
  <testcase name="exJSTest" time="16.548" classname="test.demo03.JStest"/>
</testsuite> <!-- test.demo03.JStest -->
