<?xml version="1.0" encoding="UTF-8"?>
<!-- Generated by org.testng.reporters.JUnitReportReporter -->
<testsuite hostname="DESKTOP-3OKR0L5" name="test.demo03.RegisterTest" tests="1" failures="0" timestamp="2 Jan 2020 16:05:00 GMT" time="23.158" errors="0">
  <testcase name="regTest" time="23.158" classname="test.demo03.RegisterTest"/>
</testsuite> <!-- test.demo03.RegisterTest -->
