<?xml version="1.0" encoding="UTF-8"?>
<!-- Generated by org.testng.reporters.JUnitReportReporter -->
<testsuite hostname="DESKTOP-3OKR0L5" name="test.demo03.LoginTest" tests="1" failures="0" timestamp="4 Jan 2020 08:18:39 GMT" time="137.954" errors="0">
  <testcase name="loginTest" time="137.954" classname="test.demo03.LoginTest"/>
</testsuite> <!-- test.demo03.LoginTest -->
