<?xml version="1.0" encoding="UTF-8"?>
<!-- Generated by org.testng.reporters.JUnitReportReporter -->
<testsuite hostname="DESKTOP-3OKR0L5" name="test.demo03.PhantomjsTest" tests="1" failures="0" timestamp="2 Jan 2020 14:47:15 GMT" time="11.466" errors="0">
  <testcase name="pjsTest" time="11.466" classname="test.demo03.PhantomjsTest"/>
</testsuite> <!-- test.demo03.PhantomjsTest -->
