<?xml version="1.0" encoding="UTF-8"?>
<!-- Generated by org.testng.reporters.JUnitReportReporter -->
<testsuite hostname="DESKTOP-3OKR0L5" name="test.demo03.GridTest" tests="1" failures="0" timestamp="5 Jan 2020 09:32:01 GMT" time="48.711" errors="1">
  <testcase name="chromeTest" time="48.711" classname="test.demo03.GridTest">
    <error type="org.openqa.selenium.WebDriverException" message="Unable to connect to host 127.0.0.1 on port 7055 after 45000 ms. Firefox console output:
G	Registering manifest for C:\Program Files\Mozilla Firefox\browser\features\loop@mozilla.org.xpi
1578216675431	addons.xpi	DEBUG	Calling bootstrap method startup on loop@mozilla.org version 1.2.6
1578216675457	addons.manager	DEBUG	Registering shutdown blocker for XPIProvider
1578216675457	addons.manager	DEBUG	Provider finished startup: XPIProvider
1578216675457	addons.manager	DEBUG	Starting provider: LightweightThemeManager
1578216675457	addons.manager	DEBUG	Registering shutdown blocker for LightweightThemeManager
1578216675457	addons.manager	DEBUG	Provider finished startup: LightweightThemeManager
1578216675458	addons.manager	DEBUG	Starting provider: GMPProvider
1578216675475	addons.manager	DEBUG	Registering shutdown blocker for GMPProvider
1578216675476	addons.manager	DEBUG	Provider finished startup: GMPProvider
1578216675476	addons.manager	DEBUG	Starting provider: PluginProvider
1578216675476	addons.manager	DEBUG	Registering shutdown blocker for PluginProvider
1578216675476	addons.manager	DEBUG	Provider finished startup: PluginProvider
1578216675476	addons.manager	DEBUG	Completed startup sequence
1578216677125	addons.manager	DEBUG	Starting provider: &lt;unnamed-provider&gt;
1578216677125	addons.manager	DEBUG	Registering shutdown blocker for &lt;unnamed-provider&gt;
1578216677125	addons.manager	DEBUG	Provider finished startup: &lt;unnamed-provider&gt;
1578216677126	DeferredSave.extensions.json	DEBUG	Starting write
1578216677833	addons.repository	DEBUG	No addons.json found.
1578216677834	DeferredSave.addons.json	DEBUG	Save changes
1578216677841	DeferredSave.addons.json	DEBUG	Starting timer
1578216677890	addons.manager	DEBUG	Starting provider: PreviousExperimentProvider
1578216677891	addons.manager	DEBUG	Registering shutdown blocker for PreviousExperimentProvider
1578216677891	addons.manager	DEBUG	Provider finished startup: PreviousExperimentProvider
1578216677895	DeferredSave.extensions.json	DEBUG	Write succeeded
1578216677896	addons.xpi-utils	DEBUG	XPI Database saved, setting schema version preference to 17
1578216677897	DeferredSave.addons.json	DEBUG	Starting write
1578216677914	DeferredSave.addons.json	DEBUG	Write succeeded
JavaScript error: file:///C:/Users/%E6%A2%85/AppData/Local/Temp/anonymous2758013426620951270webdriver-profile/extensions/fxdriver@googlecode.com/components/bad-cert-listener.js, line 2267: NS_ERROR_FILE_ACCESS_DENIED: Component returned failure code: 0x80520015 (NS_ERROR_FILE_ACCESS_DENIED) [nsILocalFile.createUnique]
JavaScript error: file:///C:/Users/%E6%A2%85/AppData/Local/Temp/anonymous2758013426620951270webdriver-profile/extensions/fxdriver@googlecode.com/components/driver-component.js, line 12508: NS_ERROR_XPC_GS_RETURNED_FAILURE: Component returned failure code: 0x80570016 (NS_ERROR_XPC_GS_RETURNED_FAILURE) [nsIJSCID.getService]
JavaScript error: chrome://fxdriver/content/server.js, line 61: NS_ERROR_XPC_CI_RETURNED_FAILURE: Component returned failure code: 0x80570015 (NS_ERROR_XPC_CI_RETURNED_FAILURE) [nsIJSCID.createInstance]
1578216695428	addons.xpi	DEBUG	Calling bootstrap method shutdown on e10srollout@mozilla.org version 1.0
1578216695429	addons.xpi	DEBUG	Calling bootstrap method shutdown on firefox@getpocket.com version 1.0
1578216695430	addons.xpi	DEBUG	Calling bootstrap method shutdown on loop@mozilla.org version 1.2.6
1578216695759	addons.manager	DEBUG	shutdown
1578216695759	addons.manager	DEBUG	Calling shutdown blocker for XPIProvider
1578216695760	addons.xpi	DEBUG	shutdown
1578216695760	addons.xpi-utils	DEBUG	shutdown
1578216695761	addons.manager	DEBUG	Calling shutdown blocker for LightweightThemeManager
1578216695762	addons.manager	DEBUG	Calling shutdown blocker for GMPProvider
1578216695764	addons.manager	DEBUG	Calling shutdown blocker for PluginProvider
1578216695765	addons.manager	DEBUG	Calling shutdown blocker for &lt;unnamed-provider&gt;
1578216695766	addons.manager	DEBUG	Calling shutdown blocker for PreviousExperimentProvider
1578216695768	addons.xpi	DEBUG	Notifying XPI shutdown observers
1578216695771	addons.manager	DEBUG	Async provider shutdown done

Command duration or timeout: 47.68 seconds
Build info: version: &#039;2.53.0&#039;, revision: &#039;35ae25b1534ae328c771e0856c93e187490ca824&#039;, time: &#039;2016-03-15 10:43:46&#039;
System info: host: &#039;DESKTOP-3OKR0L5&#039;, ip: &#039;192.168.0.103&#039;, os.name: &#039;Windows 10&#039;, os.arch: &#039;amd64&#039;, os.version: &#039;10.0&#039;, java.version: &#039;1.8.0_191&#039;
Driver info: org.openqa.selenium.remote.RemoteWebDriver">
      <![CDATA[org.openqa.selenium.WebDriverException: Unable to connect to host 127.0.0.1 on port 7055 after 45000 ms. Firefox console output:
G	Registering manifest for C:\Program Files\Mozilla Firefox\browser\features\loop@mozilla.org.xpi
1578216675431	addons.xpi	DEBUG	Calling bootstrap method startup on loop@mozilla.org version 1.2.6
1578216675457	addons.manager	DEBUG	Registering shutdown blocker for XPIProvider
1578216675457	addons.manager	DEBUG	Provider finished startup: XPIProvider
1578216675457	addons.manager	DEBUG	Starting provider: LightweightThemeManager
1578216675457	addons.manager	DEBUG	Registering shutdown blocker for LightweightThemeManager
1578216675457	addons.manager	DEBUG	Provider finished startup: LightweightThemeManager
1578216675458	addons.manager	DEBUG	Starting provider: GMPProvider
1578216675475	addons.manager	DEBUG	Registering shutdown blocker for GMPProvider
1578216675476	addons.manager	DEBUG	Provider finished startup: GMPProvider
1578216675476	addons.manager	DEBUG	Starting provider: PluginProvider
1578216675476	addons.manager	DEBUG	Registering shutdown blocker for PluginProvider
1578216675476	addons.manager	DEBUG	Provider finished startup: PluginProvider
1578216675476	addons.manager	DEBUG	Completed startup sequence
1578216677125	addons.manager	DEBUG	Starting provider: <unnamed-provider>
1578216677125	addons.manager	DEBUG	Registering shutdown blocker for <unnamed-provider>
1578216677125	addons.manager	DEBUG	Provider finished startup: <unnamed-provider>
1578216677126	DeferredSave.extensions.json	DEBUG	Starting write
1578216677833	addons.repository	DEBUG	No addons.json found.
1578216677834	DeferredSave.addons.json	DEBUG	Save changes
1578216677841	DeferredSave.addons.json	DEBUG	Starting timer
1578216677890	addons.manager	DEBUG	Starting provider: PreviousExperimentProvider
1578216677891	addons.manager	DEBUG	Registering shutdown blocker for PreviousExperimentProvider
1578216677891	addons.manager	DEBUG	Provider finished startup: PreviousExperimentProvider
1578216677895	DeferredSave.extensions.json	DEBUG	Write succeeded
1578216677896	addons.xpi-utils	DEBUG	XPI Database saved, setting schema version preference to 17
1578216677897	DeferredSave.addons.json	DEBUG	Starting write
1578216677914	DeferredSave.addons.json	DEBUG	Write succeeded
JavaScript error: file:///C:/Users/%E6%A2%85/AppData/Local/Temp/anonymous2758013426620951270webdriver-profile/extensions/fxdriver@googlecode.com/components/bad-cert-listener.js, line 2267: NS_ERROR_FILE_ACCESS_DENIED: Component returned failure code: 0x80520015 (NS_ERROR_FILE_ACCESS_DENIED) [nsILocalFile.createUnique]
JavaScript error: file:///C:/Users/%E6%A2%85/AppData/Local/Temp/anonymous2758013426620951270webdriver-profile/extensions/fxdriver@googlecode.com/components/driver-component.js, line 12508: NS_ERROR_XPC_GS_RETURNED_FAILURE: Component returned failure code: 0x80570016 (NS_ERROR_XPC_GS_RETURNED_FAILURE) [nsIJSCID.getService]
JavaScript error: chrome://fxdriver/content/server.js, line 61: NS_ERROR_XPC_CI_RETURNED_FAILURE: Component returned failure code: 0x80570015 (NS_ERROR_XPC_CI_RETURNED_FAILURE) [nsIJSCID.createInstance]
1578216695428	addons.xpi	DEBUG	Calling bootstrap method shutdown on e10srollout@mozilla.org version 1.0
1578216695429	addons.xpi	DEBUG	Calling bootstrap method shutdown on firefox@getpocket.com version 1.0
1578216695430	addons.xpi	DEBUG	Calling bootstrap method shutdown on loop@mozilla.org version 1.2.6
1578216695759	addons.manager	DEBUG	shutdown
1578216695759	addons.manager	DEBUG	Calling shutdown blocker for XPIProvider
1578216695760	addons.xpi	DEBUG	shutdown
1578216695760	addons.xpi-utils	DEBUG	shutdown
1578216695761	addons.manager	DEBUG	Calling shutdown blocker for LightweightThemeManager
1578216695762	addons.manager	DEBUG	Calling shutdown blocker for GMPProvider
1578216695764	addons.manager	DEBUG	Calling shutdown blocker for PluginProvider
1578216695765	addons.manager	DEBUG	Calling shutdown blocker for <unnamed-provider>
1578216695766	addons.manager	DEBUG	Calling shutdown blocker for PreviousExperimentProvider
1578216695768	addons.xpi	DEBUG	Notifying XPI shutdown observers
1578216695771	addons.manager	DEBUG	Async provider shutdown done

Command duration or timeout: 47.68 seconds
Build info: version: '2.53.0', revision: '35ae25b1534ae328c771e0856c93e187490ca824', time: '2016-03-15 10:43:46'
System info: host: 'DESKTOP-3OKR0L5', ip: '192.168.0.103', os.name: 'Windows 10', os.arch: 'amd64', os.version: '10.0', java.version: '1.8.0_191'
Driver info: org.openqa.selenium.remote.RemoteWebDriver
	at sun.reflect.NativeConstructorAccessorImpl.newInstance0(Native Method)
	at sun.reflect.NativeConstructorAccessorImpl.newInstance(NativeConstructorAccessorImpl.java:62)
	at sun.reflect.DelegatingConstructorAccessorImpl.newInstance(DelegatingConstructorAccessorImpl.java:45)
	at java.lang.reflect.Constructor.newInstance(Constructor.java:423)
	at org.openqa.selenium.remote.ErrorHandler.createThrowable(ErrorHandler.java:206)
	at org.openqa.selenium.remote.ErrorHandler.throwIfResponseFailed(ErrorHandler.java:158)
	at org.openqa.selenium.remote.RemoteWebDriver.execute(RemoteWebDriver.java:678)
	at org.openqa.selenium.remote.RemoteWebDriver.startSession(RemoteWebDriver.java:249)
	at org.openqa.selenium.remote.RemoteWebDriver.<init>(RemoteWebDriver.java:131)
	at org.openqa.selenium.remote.RemoteWebDriver.<init>(RemoteWebDriver.java:158)
	at test.demo03.GridTest.chromeTest(GridTest.java:30)
	at sun.reflect.NativeMethodAccessorImpl.invoke0(Native Method)
	at sun.reflect.NativeMethodAccessorImpl.invoke(NativeMethodAccessorImpl.java:62)
	at sun.reflect.DelegatingMethodAccessorImpl.invoke(DelegatingMethodAccessorImpl.java:43)
	at java.lang.reflect.Method.invoke(Method.java:498)
	at org.testng.internal.MethodInvocationHelper.invokeMethod(MethodInvocationHelper.java:86)
	at org.testng.internal.Invoker.invokeMethod(Invoker.java:643)
	at org.testng.internal.Invoker.invokeTestMethod(Invoker.java:820)
	at org.testng.internal.Invoker.invokeTestMethods(Invoker.java:1128)
	at org.testng.internal.TestMethodWorker.invokeTestMethods(TestMethodWorker.java:129)
	at org.testng.internal.TestMethodWorker.run(TestMethodWorker.java:112)
	at org.testng.TestRunner.privateRun(TestRunner.java:782)
	at org.testng.TestRunner.run(TestRunner.java:632)
	at org.testng.SuiteRunner.runTest(SuiteRunner.java:366)
	at org.testng.SuiteRunner.runSequentially(SuiteRunner.java:361)
	at org.testng.SuiteRunner.privateRun(SuiteRunner.java:319)
	at org.testng.SuiteRunner.run(SuiteRunner.java:268)
	at org.testng.SuiteRunnerWorker.runSuite(SuiteRunnerWorker.java:52)
	at org.testng.SuiteRunnerWorker.run(SuiteRunnerWorker.java:86)
	at org.testng.TestNG.runSuitesSequentially(TestNG.java:1244)
	at org.testng.TestNG.runSuitesLocally(TestNG.java:1169)
	at org.testng.TestNG.run(TestNG.java:1064)
	at org.testng.remote.AbstractRemoteTestNG.run(AbstractRemoteTestNG.java:115)
	at org.testng.remote.RemoteTestNG.initAndRun(RemoteTestNG.java:251)
	at org.testng.remote.RemoteTestNG.main(RemoteTestNG.java:77)
Caused by: org.openqa.selenium.remote.ErrorHandler$UnknownServerException: Unable to connect to host 127.0.0.1 on port 7055 after 45000 ms. Firefox console output:
G	Registering manifest for C:\Program Files\Mozilla Firefox\browser\features\loop@mozilla.org.xpi
1578216675431	addons.xpi	DEBUG	Calling bootstrap method startup on loop@mozilla.org version 1.2.6
1578216675457	addons.manager	DEBUG	Registering shutdown blocker for XPIProvider
1578216675457	addons.manager	DEBUG	Provider finished startup: XPIProvider
1578216675457	addons.manager	DEBUG	Starting provider: LightweightThemeManager
1578216675457	addons.manager	DEBUG	Registering shutdown blocker for LightweightThemeManager
1578216675457	addons.manager	DEBUG	Provider finished startup: LightweightThemeManager
1578216675458	addons.manager	DEBUG	Starting provider: GMPProvider
1578216675475	addons.manager	DEBUG	Registering shutdown blocker for GMPProvider
1578216675476	addons.manager	DEBUG	Provider finished startup: GMPProvider
1578216675476	addons.manager	DEBUG	Starting provider: PluginProvider
1578216675476	addons.manager	DEBUG	Registering shutdown blocker for PluginProvider
1578216675476	addons.manager	DEBUG	Provider finished startup: PluginProvider
1578216675476	addons.manager	DEBUG	Completed startup sequence
1578216677125	addons.manager	DEBUG	Starting provider: <unnamed-provider>
1578216677125	addons.manager	DEBUG	Registering shutdown blocker for <unnamed-provider>
1578216677125	addons.manager	DEBUG	Provider finished startup: <unnamed-provider>
1578216677126	DeferredSave.extensions.json	DEBUG	Starting write
1578216677833	addons.repository	DEBUG	No addons.json found.
1578216677834	DeferredSave.addons.json	DEBUG	Save changes
1578216677841	DeferredSave.addons.json	DEBUG	Starting timer
1578216677890	addons.manager	DEBUG	Starting provider: PreviousExperimentProvider
1578216677891	addons.manager	DEBUG	Registering shutdown blocker for PreviousExperimentProvider
1578216677891	addons.manager	DEBUG	Provider finished startup: PreviousExperimentProvider
1578216677895	DeferredSave.extensions.json	DEBUG	Write succeeded
1578216677896	addons.xpi-utils	DEBUG	XPI Database saved, setting schema version preference to 17
1578216677897	DeferredSave.addons.json	DEBUG	Starting write
1578216677914	DeferredSave.addons.json	DEBUG	Write succeeded
JavaScript error: file:///C:/Users/%E6%A2%85/AppData/Local/Temp/anonymous2758013426620951270webdriver-profile/extensions/fxdriver@googlecode.com/components/bad-cert-listener.js, line 2267: NS_ERROR_FILE_ACCESS_DENIED: Component returned failure code: 0x80520015 (NS_ERROR_FILE_ACCESS_DENIED) [nsILocalFile.createUnique]
JavaScript error: file:///C:/Users/%E6%A2%85/AppData/Local/Temp/anonymous2758013426620951270webdriver-profile/extensions/fxdriver@googlecode.com/components/driver-component.js, line 12508: NS_ERROR_XPC_GS_RETURNED_FAILURE: Component returned failure code: 0x80570016 (NS_ERROR_XPC_GS_RETURNED_FAILURE) [nsIJSCID.getService]
JavaScript error: chrome://fxdriver/content/server.js, line 61: NS_ERROR_XPC_CI_RETURNED_FAILURE: Component returned failure code: 0x80570015 (NS_ERROR_XPC_CI_RETURNED_FAILURE) [nsIJSCID.createInstance]
1578216695428	addons.xpi	DEBUG	Calling bootstrap method shutdown on e10srollout@mozilla.org version 1.0
1578216695429	addons.xpi	DEBUG	Calling bootstrap method shutdown on firefox@getpocket.com version 1.0
1578216695430	addons.xpi	DEBUG	Calling bootstrap method shutdown on loop@mozilla.org version 1.2.6
1578216695759	addons.manager	DEBUG	shutdown
1578216695759	addons.manager	DEBUG	Calling shutdown blocker for XPIProvider
1578216695760	addons.xpi	DEBUG	shutdown
1578216695760	addons.xpi-utils	DEBUG	shutdown
1578216695761	addons.manager	DEBUG	Calling shutdown blocker for LightweightThemeManager
1578216695762	addons.manager	DEBUG	Calling shutdown blocker for GMPProvider
1578216695764	addons.manager	DEBUG	Calling shutdown blocker for PluginProvider
1578216695765	addons.manager	DEBUG	Calling shutdown blocker for <unnamed-provider>
1578216695766	addons.manager	DEBUG	Calling shutdown blocker for PreviousExperimentProvider
1578216695768	addons.xpi	DEBUG	Notifying XPI shutdown observers
1578216695771	addons.manager	DEBUG	Async provider shutdown done

Build info: version: '2.53.0', revision: '35ae25b1534ae328c771e0856c93e187490ca824', time: '2016-03-15 10:43:46'
System info: host: 'DESKTOP-3OKR0L5', ip: '192.168.0.103', os.name: 'Windows 10', os.arch: 'amd64', os.version: '10.0', java.version: '1.8.0_191'
Driver info: driver.version: FirefoxDriver
	at org.openqa.selenium.firefox.internal.NewProfileExtensionConnection.start(NewProfileExtensionConnection.java:112)
	at org.openqa.selenium.firefox.FirefoxDriver.startClient(FirefoxDriver.java:271)
	at org.openqa.selenium.remote.RemoteWebDriver.<init>(RemoteWebDriver.java:119)
	at org.openqa.selenium.firefox.FirefoxDriver.<init>(FirefoxDriver.java:218)
	at org.openqa.selenium.firefox.FirefoxDriver.<init>(FirefoxDriver.java:211)
	at org.openqa.selenium.firefox.FirefoxDriver.<init>(FirefoxDriver.java:129)
	at sun.reflect.NativeConstructorAccessorImpl.newInstance0(Native Method)
	at sun.reflect.NativeConstructorAccessorImpl.newInstance(Unknown Source)
	at sun.reflect.DelegatingConstructorAccessorImpl.newInstance(Unknown Source)
	at java.lang.reflect.Constructor.newInstance(Unknown Source)
	at org.openqa.selenium.remote.server.FirefoxDriverProvider.callConstructor(FirefoxDriverProvider.java:91)
	at org.openqa.selenium.remote.server.FirefoxDriverProvider.newInstance(FirefoxDriverProvider.java:68)
	at org.openqa.selenium.remote.server.DefaultDriverFactory.newInstance(DefaultDriverFactory.java:60)
	at org.openqa.selenium.remote.server.DefaultSession$BrowserCreator.call(DefaultSession.java:222)
	at org.openqa.selenium.remote.server.DefaultSession$BrowserCreator.call(DefaultSession.java:1)
	at java.util.concurrent.FutureTask.run(Unknown Source)
	at org.openqa.selenium.remote.server.DefaultSession$1.run(DefaultSession.java:176)
	at java.util.concurrent.ThreadPoolExecutor.runWorker(Unknown Source)
	at java.util.concurrent.ThreadPoolExecutor$Worker.run(Unknown Source)
	at java.lang.Thread.run(Unknown Source)
]]>
    </error>
  </testcase> <!-- chromeTest -->
</testsuite> <!-- test.demo03.GridTest -->
