<?xml version="1.0" encoding="UTF-8"?>
<!-- Generated by org.testng.reporters.JUnitReportReporter -->
<testsuite hostname="DESKTOP-3OKR0L5" name="test.demo02.SelectTest" tests="1" failures="0" timestamp="31 Dec 2019 16:37:54 GMT" time="20.679" errors="0">
  <testcase name="selectTest" time="20.679" classname="test.demo02.SelectTest"/>
</testsuite> <!-- test.demo02.SelectTest -->
