<?xml version="1.0" encoding="UTF-8"?>
<!-- Generated by org.testng.reporters.JUnitReportReporter -->
<testsuite hostname="DESKTOP-3OKR0L5" name="test.demo02.WaiTest" tests="1" failures="0" timestamp="1 Jan 2020 14:27:30 GMT" time="9.651" errors="0">
  <testcase name="wiaitTest" time="9.651" classname="test.demo02.WaiTest"/>
</testsuite> <!-- test.demo02.WaiTest -->
