<?xml version="1.0" encoding="UTF-8"?>
<!-- Generated by org.testng.reporters.JUnitReportReporter -->
<testsuite hostname="DESKTOP-3OKR0L5" name="test.demo04.DataDriverTest" tests="2" failures="0" timestamp="7 Jan 2020 06:56:10 GMT" time="0.059" errors="0">
  <testcase name="login" time="0.051" classname="test.demo04.DataDriverTest"/>
  <testcase name="login" time="0.008" classname="test.demo04.DataDriverTest"/>
</testsuite> <!-- test.demo04.DataDriverTest -->
